2022/04/26 21:58:25 [notice] 1#1: using the "epoll" event method
2022/04/26 21:58:25 [notice] 1#1: nginx/1.20.2
2022/04/26 21:58:25 [notice] 1#1: built by gcc 10.3.1 20210424 (Alpine 10.3.1_git20210424) 
2022/04/26 21:58:25 [notice] 1#1: OS: Linux 5.10.47-linuxkit
2022/04/26 21:58:25 [notice] 1#1: getrlimit(RLIMIT_NOFILE): 1048576:1048576
2022/04/26 21:58:25 [notice] 1#1: start worker processes
2022/04/26 21:58:25 [notice] 1#1: start worker process 32
2022/04/26 21:58:25 [notice] 1#1: start worker process 33
2022/04/26 21:58:25 [notice] 1#1: start worker process 34
2022/04/26 21:58:25 [notice] 1#1: start worker process 35
2022/04/26 22:09:28 [notice] 1#1: using the "epoll" event method
2022/04/26 22:09:28 [notice] 1#1: nginx/1.20.2
2022/04/26 22:09:28 [notice] 1#1: built by gcc 10.3.1 20210424 (Alpine 10.3.1_git20210424) 
2022/04/26 22:09:28 [notice] 1#1: OS: Linux 5.10.47-linuxkit
2022/04/26 22:09:28 [notice] 1#1: getrlimit(RLIMIT_NOFILE): 1048576:1048576
2022/04/26 22:09:28 [notice] 1#1: start worker processes
2022/04/26 22:09:28 [notice] 1#1: start worker process 32
2022/04/26 22:09:28 [notice] 1#1: start worker process 33
2022/04/26 22:09:28 [notice] 1#1: start worker process 34
2022/04/26 22:09:28 [notice] 1#1: start worker process 35
2022/04/26 22:11:36 [notice] 1#1: signal 3 (SIGQUIT) received, shutting down
2022/04/26 22:11:36 [notice] 32#32: gracefully shutting down
2022/04/26 22:11:36 [notice] 33#33: gracefully shutting down
2022/04/26 22:11:36 [notice] 35#35: gracefully shutting down
2022/04/26 22:11:36 [notice] 34#34: gracefully shutting down
2022/04/26 22:11:36 [notice] 32#32: exiting
2022/04/26 22:11:36 [notice] 33#33: exiting
2022/04/26 22:11:36 [notice] 35#35: exiting
2022/04/26 22:11:36 [notice] 34#34: exiting
2022/04/26 22:11:36 [notice] 32#32: exit
2022/04/26 22:11:36 [notice] 33#33: exit
2022/04/26 22:11:36 [notice] 35#35: exit
2022/04/26 22:11:36 [notice] 34#34: exit
2022/04/26 22:11:36 [notice] 1#1: signal 17 (SIGCHLD) received from 32
2022/04/26 22:11:36 [notice] 1#1: worker process 32 exited with code 0
2022/04/26 22:11:36 [notice] 1#1: signal 29 (SIGIO) received
2022/04/26 22:11:36 [notice] 1#1: signal 17 (SIGCHLD) received from 35
2022/04/26 22:11:36 [notice] 1#1: worker process 35 exited with code 0
2022/04/26 22:11:36 [notice] 1#1: signal 29 (SIGIO) received
2022/04/26 22:11:36 [notice] 1#1: signal 17 (SIGCHLD) received from 34
2022/04/26 22:11:36 [notice] 1#1: worker process 33 exited with code 0
2022/04/26 22:11:36 [notice] 1#1: worker process 34 exited with code 0
2022/04/26 22:11:36 [notice] 1#1: exit
2022/04/26 22:11:59 [notice] 1#1: using the "epoll" event method
2022/04/26 22:11:59 [notice] 1#1: nginx/1.20.2
2022/04/26 22:11:59 [notice] 1#1: built by gcc 10.3.1 20210424 (Alpine 10.3.1_git20210424) 
2022/04/26 22:11:59 [notice] 1#1: OS: Linux 5.10.47-linuxkit
2022/04/26 22:11:59 [notice] 1#1: getrlimit(RLIMIT_NOFILE): 1048576:1048576
2022/04/26 22:11:59 [notice] 1#1: start worker processes
2022/04/26 22:11:59 [notice] 1#1: start worker process 33
2022/04/26 22:11:59 [notice] 1#1: start worker process 34
2022/04/26 22:11:59 [notice] 1#1: start worker process 35
2022/04/26 22:11:59 [notice] 1#1: start worker process 36
2022/04/26 22:22:35 [notice] 1#1: signal 3 (SIGQUIT) received, shutting down
2022/04/26 22:22:35 [notice] 33#33: gracefully shutting down
2022/04/26 22:22:35 [notice] 34#34: gracefully shutting down
2022/04/26 22:22:35 [notice] 36#36: gracefully shutting down
2022/04/26 22:22:35 [notice] 35#35: gracefully shutting down
2022/04/26 22:22:35 [notice] 33#33: exiting
2022/04/26 22:22:35 [notice] 34#34: exiting
2022/04/26 22:22:35 [notice] 35#35: exiting
2022/04/26 22:22:35 [notice] 35#35: exit
2022/04/26 22:22:35 [notice] 36#36: exiting
2022/04/26 22:22:35 [notice] 33#33: exit
2022/04/26 22:22:35 [notice] 34#34: exit
2022/04/26 22:22:35 [notice] 36#36: exit
2022/04/26 22:22:35 [notice] 1#1: signal 17 (SIGCHLD) received from 33
2022/04/26 22:22:35 [notice] 1#1: worker process 33 exited with code 0
2022/04/26 22:22:35 [notice] 1#1: worker process 35 exited with code 0
2022/04/26 22:22:35 [notice] 1#1: signal 29 (SIGIO) received
2022/04/26 22:22:35 [notice] 1#1: signal 17 (SIGCHLD) received from 35
2022/04/26 22:22:35 [notice] 1#1: signal 17 (SIGCHLD) received from 34
2022/04/26 22:22:35 [notice] 1#1: worker process 34 exited with code 0
2022/04/26 22:22:35 [notice] 1#1: signal 29 (SIGIO) received
2022/04/26 22:22:35 [notice] 1#1: signal 17 (SIGCHLD) received from 36
2022/04/26 22:22:35 [notice] 1#1: worker process 36 exited with code 0
2022/04/26 22:22:35 [notice] 1#1: exit
2022/04/26 22:22:35 [notice] 1#1: using the "epoll" event method
2022/04/26 22:22:35 [notice] 1#1: nginx/1.20.2
2022/04/26 22:22:35 [notice] 1#1: built by gcc 10.3.1 20210424 (Alpine 10.3.1_git20210424) 
2022/04/26 22:22:35 [notice] 1#1: OS: Linux 5.10.47-linuxkit
2022/04/26 22:22:35 [notice] 1#1: getrlimit(RLIMIT_NOFILE): 1048576:1048576
2022/04/26 22:22:35 [notice] 1#1: start worker processes
2022/04/26 22:22:35 [notice] 1#1: start worker process 32
2022/04/26 22:22:35 [notice] 1#1: start worker process 33
2022/04/26 22:22:35 [notice] 1#1: start worker process 34
2022/04/26 22:22:35 [notice] 1#1: start worker process 35
2022/04/26 22:22:55 [notice] 1#1: signal 3 (SIGQUIT) received, shutting down
2022/04/26 22:22:55 [notice] 33#33: gracefully shutting down
2022/04/26 22:22:55 [notice] 32#32: gracefully shutting down
2022/04/26 22:22:55 [notice] 32#32: exiting
2022/04/26 22:22:55 [notice] 34#34: gracefully shutting down
2022/04/26 22:22:55 [notice] 34#34: exiting
2022/04/26 22:22:55 [notice] 35#35: gracefully shutting down
2022/04/26 22:22:55 [notice] 33#33: exiting
2022/04/26 22:22:55 [notice] 32#32: exit
2022/04/26 22:22:55 [notice] 34#34: exit
2022/04/26 22:22:55 [notice] 35#35: exiting
2022/04/26 22:22:55 [notice] 33#33: exit
2022/04/26 22:22:55 [notice] 35#35: exit
2022/04/26 22:22:55 [notice] 1#1: signal 17 (SIGCHLD) received from 32
2022/04/26 22:22:55 [notice] 1#1: worker process 32 exited with code 0
2022/04/26 22:22:55 [notice] 1#1: signal 29 (SIGIO) received
2022/04/26 22:22:55 [notice] 1#1: signal 17 (SIGCHLD) received from 33
2022/04/26 22:22:55 [notice] 1#1: worker process 33 exited with code 0
2022/04/26 22:22:55 [notice] 1#1: worker process 34 exited with code 0
2022/04/26 22:22:55 [notice] 1#1: signal 29 (SIGIO) received
2022/04/26 22:22:55 [notice] 1#1: signal 17 (SIGCHLD) received from 35
2022/04/26 22:22:55 [notice] 1#1: worker process 35 exited with code 0
2022/04/26 22:22:55 [notice] 1#1: exit
2022/04/26 22:24:48 [notice] 1#1: using the "epoll" event method
2022/04/26 22:24:48 [notice] 1#1: nginx/1.20.2
2022/04/26 22:24:48 [notice] 1#1: built by gcc 10.3.1 20210424 (Alpine 10.3.1_git20210424) 
2022/04/26 22:24:48 [notice] 1#1: OS: Linux 5.10.47-linuxkit
2022/04/26 22:24:48 [notice] 1#1: getrlimit(RLIMIT_NOFILE): 1048576:1048576
2022/04/26 22:24:48 [notice] 1#1: start worker processes
2022/04/26 22:24:48 [notice] 1#1: start worker process 32
2022/04/26 22:24:48 [notice] 1#1: start worker process 33
2022/04/26 22:24:48 [notice] 1#1: start worker process 34
2022/04/26 22:24:48 [notice] 1#1: start worker process 35
2022/04/26 22:35:49 [notice] 1#1: signal 3 (SIGQUIT) received, shutting down
2022/04/26 22:35:49 [notice] 34#34: gracefully shutting down
2022/04/26 22:35:49 [notice] 33#33: gracefully shutting down
2022/04/26 22:35:49 [notice] 32#32: gracefully shutting down
2022/04/26 22:35:49 [notice] 35#35: gracefully shutting down
2022/04/26 22:35:49 [notice] 34#34: exiting
2022/04/26 22:35:49 [notice] 32#32: exiting
2022/04/26 22:35:49 [notice] 34#34: exit
2022/04/26 22:35:49 [notice] 33#33: exiting
2022/04/26 22:35:49 [notice] 35#35: exiting
2022/04/26 22:35:49 [notice] 32#32: exit
2022/04/26 22:35:49 [notice] 33#33: exit
2022/04/26 22:35:49 [notice] 35#35: exit
2022/04/26 22:35:50 [notice] 1#1: signal 17 (SIGCHLD) received from 34
2022/04/26 22:35:50 [notice] 1#1: worker process 34 exited with code 0
2022/04/26 22:35:50 [notice] 1#1: signal 29 (SIGIO) received
2022/04/26 22:35:50 [notice] 1#1: signal 17 (SIGCHLD) received from 33
2022/04/26 22:35:50 [notice] 1#1: worker process 33 exited with code 0
2022/04/26 22:35:50 [notice] 1#1: signal 17 (SIGCHLD) received from 32
2022/04/26 22:35:50 [notice] 1#1: worker process 32 exited with code 0
2022/04/26 22:35:50 [notice] 1#1: signal 29 (SIGIO) received
2022/04/26 22:35:50 [notice] 1#1: signal 29 (SIGIO) received
2022/04/26 22:35:50 [notice] 1#1: signal 17 (SIGCHLD) received from 35
2022/04/26 22:35:50 [notice] 1#1: worker process 35 exited with code 0
2022/04/26 22:35:50 [notice] 1#1: exit
2022/04/26 22:37:08 [notice] 1#1: using the "epoll" event method
2022/04/26 22:37:08 [notice] 1#1: nginx/1.20.2
2022/04/26 22:37:08 [notice] 1#1: built by gcc 10.3.1 20210424 (Alpine 10.3.1_git20210424) 
2022/04/26 22:37:08 [notice] 1#1: OS: Linux 5.10.47-linuxkit
2022/04/26 22:37:08 [notice] 1#1: getrlimit(RLIMIT_NOFILE): 1048576:1048576
2022/04/26 22:37:08 [notice] 1#1: start worker processes
2022/04/26 22:37:08 [notice] 1#1: start worker process 32
2022/04/26 22:37:08 [notice] 1#1: start worker process 33
2022/04/26 22:37:08 [notice] 1#1: start worker process 34
2022/04/26 22:37:08 [notice] 1#1: start worker process 35
2022/04/26 22:38:11 [notice] 1#1: signal 3 (SIGQUIT) received, shutting down
2022/04/26 22:38:11 [notice] 32#32: gracefully shutting down
2022/04/26 22:38:11 [notice] 33#33: gracefully shutting down
2022/04/26 22:38:11 [notice] 33#33: exiting
2022/04/26 22:38:11 [notice] 35#35: gracefully shutting down
2022/04/26 22:38:11 [notice] 34#34: gracefully shutting down
2022/04/26 22:38:11 [notice] 32#32: exiting
2022/04/26 22:38:11 [notice] 33#33: exit
2022/04/26 22:38:11 [notice] 35#35: exiting
2022/04/26 22:38:11 [notice] 34#34: exiting
2022/04/26 22:38:11 [notice] 32#32: exit
2022/04/26 22:38:11 [notice] 35#35: exit
2022/04/26 22:38:11 [notice] 34#34: exit
2022/04/26 22:38:11 [notice] 1#1: signal 17 (SIGCHLD) received from 33
2022/04/26 22:38:11 [notice] 1#1: worker process 33 exited with code 0
2022/04/26 22:38:11 [notice] 1#1: signal 29 (SIGIO) received
2022/04/26 22:38:11 [notice] 1#1: signal 17 (SIGCHLD) received from 35
2022/04/26 22:38:11 [notice] 1#1: worker process 34 exited with code 0
2022/04/26 22:38:11 [notice] 1#1: worker process 35 exited with code 0
2022/04/26 22:38:11 [notice] 1#1: signal 29 (SIGIO) received
2022/04/26 22:38:11 [notice] 1#1: signal 17 (SIGCHLD) received from 32
2022/04/26 22:38:11 [notice] 1#1: worker process 32 exited with code 0
2022/04/26 22:38:11 [notice] 1#1: exit
2022/04/26 22:38:47 [notice] 1#1: using the "epoll" event method
2022/04/26 22:38:47 [notice] 1#1: nginx/1.20.2
2022/04/26 22:38:47 [notice] 1#1: built by gcc 10.3.1 20210424 (Alpine 10.3.1_git20210424) 
2022/04/26 22:38:47 [notice] 1#1: OS: Linux 5.10.47-linuxkit
2022/04/26 22:38:47 [notice] 1#1: getrlimit(RLIMIT_NOFILE): 1048576:1048576
2022/04/26 22:38:47 [notice] 1#1: start worker processes
2022/04/26 22:38:47 [notice] 1#1: start worker process 31
2022/04/26 22:38:47 [notice] 1#1: start worker process 32
2022/04/26 22:38:47 [notice] 1#1: start worker process 33
2022/04/26 22:38:47 [notice] 1#1: start worker process 34
2022/04/26 22:53:18 [notice] 1#1: signal 3 (SIGQUIT) received, shutting down
2022/04/26 22:53:18 [notice] 31#31: gracefully shutting down
2022/04/26 22:53:18 [notice] 34#34: gracefully shutting down
2022/04/26 22:53:18 [notice] 33#33: gracefully shutting down
2022/04/26 22:53:18 [notice] 32#32: gracefully shutting down
2022/04/26 22:53:18 [notice] 31#31: exiting
2022/04/26 22:53:18 [notice] 34#34: exiting
2022/04/26 22:53:18 [notice] 33#33: exiting
2022/04/26 22:53:18 [notice] 31#31: exit
2022/04/26 22:53:18 [notice] 34#34: exit
2022/04/26 22:53:18 [notice] 32#32: exiting
2022/04/26 22:53:18 [notice] 33#33: exit
2022/04/26 22:53:18 [notice] 32#32: exit
2022/04/26 22:53:18 [notice] 1#1: signal 17 (SIGCHLD) received from 31
2022/04/26 22:53:18 [notice] 1#1: worker process 31 exited with code 0
2022/04/26 22:53:18 [notice] 1#1: worker process 32 exited with code 0
2022/04/26 22:53:18 [notice] 1#1: signal 29 (SIGIO) received
2022/04/26 22:53:18 [notice] 1#1: signal 17 (SIGCHLD) received from 34
2022/04/26 22:53:18 [notice] 1#1: worker process 34 exited with code 0
2022/04/26 22:53:18 [notice] 1#1: signal 17 (SIGCHLD) received from 33
2022/04/26 22:53:18 [notice] 1#1: worker process 33 exited with code 0
2022/04/26 22:53:18 [notice] 1#1: exit
2022/04/27 07:56:04 [notice] 1#1: using the "epoll" event method
2022/04/27 07:56:04 [notice] 1#1: nginx/1.20.2
2022/04/27 07:56:04 [notice] 1#1: built by gcc 10.3.1 20210424 (Alpine 10.3.1_git20210424) 
2022/04/27 07:56:04 [notice] 1#1: OS: Linux 5.10.47-linuxkit
2022/04/27 07:56:04 [notice] 1#1: getrlimit(RLIMIT_NOFILE): 1048576:1048576
2022/04/27 07:56:04 [notice] 1#1: start worker processes
2022/04/27 07:56:04 [notice] 1#1: start worker process 32
2022/04/27 07:56:04 [notice] 1#1: start worker process 33
2022/04/27 07:56:04 [notice] 1#1: start worker process 34
2022/04/27 07:56:04 [notice] 1#1: start worker process 35
2022/04/30 11:47:08 [notice] 1#1: signal 3 (SIGQUIT) received, shutting down
2022/04/30 11:47:08 [notice] 32#32: gracefully shutting down
2022/04/30 11:47:08 [notice] 33#33: gracefully shutting down
2022/04/30 11:47:08 [notice] 35#35: gracefully shutting down
2022/04/30 11:47:08 [notice] 34#34: gracefully shutting down
2022/04/30 11:47:08 [notice] 33#33: exiting
2022/04/30 11:47:08 [notice] 32#32: exiting
2022/04/30 11:47:08 [notice] 33#33: exit
2022/04/30 11:47:08 [notice] 32#32: exit
2022/04/30 11:47:08 [notice] 35#35: exiting
2022/04/30 11:47:08 [notice] 35#35: exit
2022/04/30 11:47:08 [notice] 34#34: exiting
2022/04/30 11:47:08 [notice] 34#34: exit
2022/04/30 11:47:08 [notice] 1#1: signal 17 (SIGCHLD) received from 33
2022/04/30 11:47:08 [notice] 1#1: worker process 33 exited with code 0
2022/04/30 11:47:08 [notice] 1#1: worker process 35 exited with code 0
2022/04/30 11:47:08 [notice] 1#1: worker process 32 exited with code 0
2022/04/30 11:47:08 [notice] 1#1: signal 29 (SIGIO) received
2022/04/30 11:47:08 [notice] 1#1: signal 17 (SIGCHLD) received from 32
2022/04/30 11:47:08 [notice] 1#1: signal 17 (SIGCHLD) received from 34
2022/04/30 11:47:08 [notice] 1#1: worker process 34 exited with code 0
2022/04/30 11:47:08 [notice] 1#1: exit
